0 info it worked if it ends with ok
1 verbose cli [ '/usr/local/bin/node', '/usr/local/bin/npm', 'run', 'lint' ]
2 info using npm@3.10.3
3 info using node@v6.4.0
4 verbose run-script [ 'prelint', 'lint', 'postlint' ]
5 info lifecycle kuzzle-plugin-validator@1.0.0~prelint: kuzzle-plugin-validator@1.0.0
6 silly lifecycle kuzzle-plugin-validator@1.0.0~prelint: no script for prelint, continuing
7 info lifecycle kuzzle-plugin-validator@1.0.0~lint: kuzzle-plugin-validator@1.0.0
8 verbose lifecycle kuzzle-plugin-validator@1.0.0~lint: unsafe-perm in lifecycle true
9 verbose lifecycle kuzzle-plugin-validator@1.0.0~lint: PATH: /usr/local/lib/node_modules/npm/bin/node-gyp-bin:/home/dbengsch/kuzzle/kuzzle-plugin-validator/node_modules/.bin:/usr/local/bin:/home/dbengsch/bin:/home/dbengsch/bin:/usr/local/sbin:/usr/local/bin:/usr/sbin:/usr/bin:/sbin:/bin:/usr/games:/usr/local/games:/home/dbengsch/.composer/vendor/bin:/home/dbengsch/.fzf/bin
10 verbose lifecycle kuzzle-plugin-validator@1.0.0~lint: CWD: /home/dbengsch/kuzzle/kuzzle-plugin-validator
11 silly lifecycle kuzzle-plugin-validator@1.0.0~lint: Args: [ '-c', 'eslint --max-warnings=0 ./lib ./test' ]
12 silly lifecycle kuzzle-plugin-validator@1.0.0~lint: Returned: code: 1  signal: null
13 info lifecycle kuzzle-plugin-validator@1.0.0~lint: Failed to exec lint script
14 verbose stack Error: kuzzle-plugin-validator@1.0.0 lint: `eslint --max-warnings=0 ./lib ./test`
14 verbose stack Exit status 1
14 verbose stack     at EventEmitter.<anonymous> (/usr/local/lib/node_modules/npm/lib/utils/lifecycle.js:242:16)
14 verbose stack     at emitTwo (events.js:106:13)
14 verbose stack     at EventEmitter.emit (events.js:191:7)
14 verbose stack     at ChildProcess.<anonymous> (/usr/local/lib/node_modules/npm/lib/utils/spawn.js:40:14)
14 verbose stack     at emitTwo (events.js:106:13)
14 verbose stack     at ChildProcess.emit (events.js:191:7)
14 verbose stack     at maybeClose (internal/child_process.js:852:16)
14 verbose stack     at Process.ChildProcess._handle.onexit (internal/child_process.js:215:5)
15 verbose pkgid kuzzle-plugin-validator@1.0.0
16 verbose cwd /home/dbengsch/kuzzle/kuzzle-plugin-validator
17 error Linux 4.2.0-42-generic
18 error argv "/usr/local/bin/node" "/usr/local/bin/npm" "run" "lint"
19 error node v6.4.0
20 error npm  v3.10.3
21 error code ELIFECYCLE
22 error kuzzle-plugin-validator@1.0.0 lint: `eslint --max-warnings=0 ./lib ./test`
22 error Exit status 1
23 error Failed at the kuzzle-plugin-validator@1.0.0 lint script 'eslint --max-warnings=0 ./lib ./test'.
23 error Make sure you have the latest version of node.js and npm installed.
23 error If you do, this is most likely a problem with the kuzzle-plugin-validator package,
23 error not with npm itself.
23 error Tell the author that this fails on your system:
23 error     eslint --max-warnings=0 ./lib ./test
23 error You can get information on how to open an issue for this project with:
23 error     npm bugs kuzzle-plugin-validator
23 error Or if that isn't available, you can get their info via:
23 error     npm owner ls kuzzle-plugin-validator
23 error There is likely additional logging output above.
24 verbose exit [ 1, true ]
